<?xml version="1.0" encoding="UTF-8"?><testsuite errors="2" failures="0" name="Compras en swagLabs" skipped="4" tests="7" time="47.61" timestamp="2022-04-08 12:13:05"><testcase name="compra de dos productos en swagLabs"/><testcase name="agregar (2) y eliminar (1) productos desde el carrito del compras"><error message="no such element: Unable to locate element: {&quot;method&quot;:&quot;css selector&quot;,&quot;selector&quot;:&quot;#remove\-sauce\-labs\-fleece\-jacket&quot;}&#10;  (Session info: chrome=100.0.4896.75)&#10;For documentation on this error, please visit: http://seleniumhq.org/exceptions/no_such_element.html&#10;Build info: version: '3.11.0', revision: 'e59cfb3', time: '2018-03-11T20:26:55.152Z'&#10;System info: host: 'CHMEP4ZY6JM3', ip: '192.168.0.15', os.name: 'Windows 10', os.arch: 'amd64', os.version: '10.0', java.version: '1.8.0_131'&#10;Driver info: org.openqa.selenium.remote.RemoteWebDriver&#10;Capabilities {acceptInsecureCerts: false, browserName: chrome, browserVersion: 100.0.4896.75, chrome: {chromedriverVersion: 100.0.4896.60 (6a5d10861ce8..., userDataDir: C:\Users\larcia\AppData\Loc...}, goog:chromeOptions: {debuggerAddress: localhost:65078}, javascriptEnabled: true, networkConnectionEnabled: false, pageLoadStrategy: normal, platform: WINDOWS, platformName: WINDOWS, proxy: Proxy(), setWindowRect: true, strictFileInteractability: false, timeouts: {implicit: 0, pageLoad: 300000, script: 30000}, unhandledPromptBehavior: dismiss and notify, webauthn:extension:credBlob: true, webauthn:extension:largeBlob: true, webauthn:virtualAuthenticators: true}&#10;Session ID: 39bb99cb2ff47551b7eb8f7fb1bb8dfe&#10;*** Element info: {Using=id, value=remove-sauce-labs-fleece-jacket}" type="java.lang.AssertionError">no such element: Unable to locate element: {"method":"css selector","selector":"#remove\-sauce\-labs\-fleece\-jacket"}
  (Session info: chrome=100.0.4896.75)
For documentation on this error, please visit: http://seleniumhq.org/exceptions/no_such_element.html
Build info: version: '3.11.0', revision: 'e59cfb3', time: '2018-03-11T20:26:55.152Z'
System info: host: 'CHMEP4ZY6JM3', ip: '192.168.0.15', os.name: 'Windows 10', os.arch: 'amd64', os.version: '10.0', java.version: '1.8.0_131'
Driver info: org.openqa.selenium.remote.RemoteWebDriver
Capabilities {acceptInsecureCerts: false, browserName: chrome, browserVersion: 100.0.4896.75, chrome: {chromedriverVersion: 100.0.4896.60 (6a5d10861ce8..., userDataDir: C:\Users\larcia\AppData\Loc...}, goog:chromeOptions: {debuggerAddress: localhost:65078}, javascriptEnabled: true, networkConnectionEnabled: false, pageLoadStrategy: normal, platform: WINDOWS, platformName: WINDOWS, proxy: Proxy(), setWindowRect: true, strictFileInteractability: false, timeouts: {implicit: 0, pageLoad: 300000, script: 30000}, unhandledPromptBehavior: dismiss and notify, webauthn:extension:credBlob: true, webauthn:extension:largeBlob: true, webauthn:virtualAuthenticators: true}
Session ID: 39bb99cb2ff47551b7eb8f7fb1bb8dfe
*** Element info: {Using=id, value=remove-sauce-labs-fleece-jacket}</error><system-err>no such element: Unable to locate element: {"method":"css selector","selector":"#remove\-sauce\-labs\-fleece\-jacket"}
  (Session info: chrome=100.0.4896.75)
For documentation on this error, please visit: http://seleniumhq.org/exceptions/no_such_element.html
Build info: version: '3.11.0', revision: 'e59cfb3', time: '2018-03-11T20:26:55.152Z'
System info: host: 'CHMEP4ZY6JM3', ip: '192.168.0.15', os.name: 'Windows 10', os.arch: 'amd64', os.version: '10.0', java.version: '1.8.0_131'
Driver info: org.openqa.selenium.remote.RemoteWebDriver
Capabilities {acceptInsecureCerts: false, browserName: chrome, browserVersion: 100.0.4896.75, chrome: {chromedriverVersion: 100.0.4896.60 (6a5d10861ce8..., userDataDir: C:\Users\larcia\AppData\Loc...}, goog:chromeOptions: {debuggerAddress: localhost:65078}, javascriptEnabled: true, networkConnectionEnabled: false, pageLoadStrategy: normal, platform: WINDOWS, platformName: WINDOWS, proxy: Proxy(), setWindowRect: true, strictFileInteractability: false, timeouts: {implicit: 0, pageLoad: 300000, script: 30000}, unhandledPromptBehavior: dismiss and notify, webauthn:extension:credBlob: true, webauthn:extension:largeBlob: true, webauthn:virtualAuthenticators: true}
Session ID: 39bb99cb2ff47551b7eb8f7fb1bb8dfe
*** Element info: {Using=id, value=remove-sauce-labs-fleece-jacket}&#13;
reto.saucedemo.stepdefinitions.SwagLabsStepDefinitions.Verificoloselementosdelcarrito(SwagLabsStepDefinitions.java:52)&#13;
✽.Verifico los elementos del carrito remove-sauce-labs-fleece-jacket(src/test/resources/features/swagLabs.feature:21)&#13;
</system-err></testcase><testcase name="agregar (2) y eliminar (1) productos desde la pagina principal"><error message="no such element: Unable to locate element: {&quot;method&quot;:&quot;css selector&quot;,&quot;selector&quot;:&quot;#remove\-sauce\-labs\-fleece\-jacket&quot;}&#10;  (Session info: chrome=100.0.4896.75)&#10;For documentation on this error, please visit: http://seleniumhq.org/exceptions/no_such_element.html&#10;Build info: version: '3.11.0', revision: 'e59cfb3', time: '2018-03-11T20:26:55.152Z'&#10;System info: host: 'CHMEP4ZY6JM3', ip: '192.168.0.15', os.name: 'Windows 10', os.arch: 'amd64', os.version: '10.0', java.version: '1.8.0_131'&#10;Driver info: org.openqa.selenium.remote.RemoteWebDriver&#10;Capabilities {acceptInsecureCerts: false, browserName: chrome, browserVersion: 100.0.4896.75, chrome: {chromedriverVersion: 100.0.4896.60 (6a5d10861ce8..., userDataDir: C:\Users\larcia\AppData\Loc...}, goog:chromeOptions: {debuggerAddress: localhost:65099}, javascriptEnabled: true, networkConnectionEnabled: false, pageLoadStrategy: normal, platform: WINDOWS, platformName: WINDOWS, proxy: Proxy(), setWindowRect: true, strictFileInteractability: false, timeouts: {implicit: 0, pageLoad: 300000, script: 30000}, unhandledPromptBehavior: dismiss and notify, webauthn:extension:credBlob: true, webauthn:extension:largeBlob: true, webauthn:virtualAuthenticators: true}&#10;Session ID: 83fa5dd3f40d971c813ab8923dcb5b25&#10;*** Element info: {Using=id, value=remove-sauce-labs-fleece-jacket}" type="java.lang.AssertionError">no such element: Unable to locate element: {"method":"css selector","selector":"#remove\-sauce\-labs\-fleece\-jacket"}
  (Session info: chrome=100.0.4896.75)
For documentation on this error, please visit: http://seleniumhq.org/exceptions/no_such_element.html
Build info: version: '3.11.0', revision: 'e59cfb3', time: '2018-03-11T20:26:55.152Z'
System info: host: 'CHMEP4ZY6JM3', ip: '192.168.0.15', os.name: 'Windows 10', os.arch: 'amd64', os.version: '10.0', java.version: '1.8.0_131'
Driver info: org.openqa.selenium.remote.RemoteWebDriver
Capabilities {acceptInsecureCerts: false, browserName: chrome, browserVersion: 100.0.4896.75, chrome: {chromedriverVersion: 100.0.4896.60 (6a5d10861ce8..., userDataDir: C:\Users\larcia\AppData\Loc...}, goog:chromeOptions: {debuggerAddress: localhost:65099}, javascriptEnabled: true, networkConnectionEnabled: false, pageLoadStrategy: normal, platform: WINDOWS, platformName: WINDOWS, proxy: Proxy(), setWindowRect: true, strictFileInteractability: false, timeouts: {implicit: 0, pageLoad: 300000, script: 30000}, unhandledPromptBehavior: dismiss and notify, webauthn:extension:credBlob: true, webauthn:extension:largeBlob: true, webauthn:virtualAuthenticators: true}
Session ID: 83fa5dd3f40d971c813ab8923dcb5b25
*** Element info: {Using=id, value=remove-sauce-labs-fleece-jacket}</error><system-err>no such element: Unable to locate element: {"method":"css selector","selector":"#remove\-sauce\-labs\-fleece\-jacket"}
  (Session info: chrome=100.0.4896.75)
For documentation on this error, please visit: http://seleniumhq.org/exceptions/no_such_element.html
Build info: version: '3.11.0', revision: 'e59cfb3', time: '2018-03-11T20:26:55.152Z'
System info: host: 'CHMEP4ZY6JM3', ip: '192.168.0.15', os.name: 'Windows 10', os.arch: 'amd64', os.version: '10.0', java.version: '1.8.0_131'
Driver info: org.openqa.selenium.remote.RemoteWebDriver
Capabilities {acceptInsecureCerts: false, browserName: chrome, browserVersion: 100.0.4896.75, chrome: {chromedriverVersion: 100.0.4896.60 (6a5d10861ce8..., userDataDir: C:\Users\larcia\AppData\Loc...}, goog:chromeOptions: {debuggerAddress: localhost:65099}, javascriptEnabled: true, networkConnectionEnabled: false, pageLoadStrategy: normal, platform: WINDOWS, platformName: WINDOWS, proxy: Proxy(), setWindowRect: true, strictFileInteractability: false, timeouts: {implicit: 0, pageLoad: 300000, script: 30000}, unhandledPromptBehavior: dismiss and notify, webauthn:extension:credBlob: true, webauthn:extension:largeBlob: true, webauthn:virtualAuthenticators: true}
Session ID: 83fa5dd3f40d971c813ab8923dcb5b25
*** Element info: {Using=id, value=remove-sauce-labs-fleece-jacket}&#13;
reto.saucedemo.stepdefinitions.SwagLabsStepDefinitions.Verificoloselementosdelcarrito(SwagLabsStepDefinitions.java:52)&#13;
✽.Verifico los elementos del carrito remove-sauce-labs-fleece-jacket(src/test/resources/features/swagLabs.feature:33)&#13;
</system-err></testcase><testcase name="compra con el carrito vacio"><skipped/></testcase><testcase name="revison de la pagina de Swaglabs"><skipped/></testcase><testcase name="Desloguar"><skipped/></testcase><testcase name="resetear el carrito de compras"><skipped/></testcase></testsuite>